[20-Oct-2025 08:38:02 Europe/Berlin] PHP Fatal error:  Uncaught Exception: DB connect error: SQLSTATE[HY000] [2002] php_network_getaddresses: getaddrinfo for sql104.infinityfree.com failed: No such host is known.  in E:\CODE\NHOM\PHP\DocShareProject\config\Database.php:35
Stack trace:
#0 E:\CODE\NHOM\PHP\DocShareProject\models\Post.php(14): Database::getConnection()
#1 E:\CODE\NHOM\PHP\DocShareProject\controllers\PostController.php(23): Post->__construct()
#2 E:\CODE\NHOM\PHP\DocShareProject\public\index.php(116): PostController->__construct()
#3 {main}
  thrown in E:\CODE\NHOM\PHP\DocShareProject\config\Database.php on line 35
[20-Oct-2025 08:38:02 Europe/Berlin] PHP Fatal error:  Uncaught Exception: DB connect error: SQLSTATE[HY000] [2002] php_network_getaddresses: getaddrinfo for sql104.infinityfree.com failed: No such host is known.  in E:\CODE\NHOM\PHP\DocShareProject\config\Database.php:35
Stack trace:
#0 E:\CODE\NHOM\PHP\DocShareProject\models\Post.php(14): Database::getConnection()
#1 E:\CODE\NHOM\PHP\DocShareProject\controllers\PostController.php(23): Post->__construct()
#2 E:\CODE\NHOM\PHP\DocShareProject\public\index.php(116): PostController->__construct()
#3 {main}
  thrown in E:\CODE\NHOM\PHP\DocShareProject\config\Database.php on line 35
[20-Oct-2025 08:38:02 Europe/Berlin] PHP Fatal error:  Uncaught Exception: DB connect error: SQLSTATE[HY000] [2002] php_network_getaddresses: getaddrinfo for sql104.infinityfree.com failed: No such host is known.  in E:\CODE\NHOM\PHP\DocShareProject\config\Database.php:35
Stack trace:
#0 E:\CODE\NHOM\PHP\DocShareProject\models\Post.php(14): Database::getConnection()
#1 E:\CODE\NHOM\PHP\DocShareProject\controllers\PostController.php(23): Post->__construct()
#2 E:\CODE\NHOM\PHP\DocShareProject\public\index.php(116): PostController->__construct()
#3 {main}
  thrown in E:\CODE\NHOM\PHP\DocShareProject\config\Database.php on line 35
[20-Oct-2025 08:38:02 Europe/Berlin] PHP Fatal error:  Uncaught Exception: DB connect error: SQLSTATE[HY000] [2002] php_network_getaddresses: getaddrinfo for sql104.infinityfree.com failed: No such host is known.  in E:\CODE\NHOM\PHP\DocShareProject\config\Database.php:35
Stack trace:
#0 E:\CODE\NHOM\PHP\DocShareProject\models\Post.php(14): Database::getConnection()
#1 E:\CODE\NHOM\PHP\DocShareProject\controllers\PostController.php(23): Post->__construct()
#2 E:\CODE\NHOM\PHP\DocShareProject\public\index.php(116): PostController->__construct()
#3 {main}
  thrown in E:\CODE\NHOM\PHP\DocShareProject\config\Database.php on line 35
[20-Oct-2025 08:38:02 Europe/Berlin] PHP Fatal error:  Uncaught Exception: DB connect error: SQLSTATE[HY000] [2002] php_network_getaddresses: getaddrinfo for sql104.infinityfree.com failed: No such host is known.  in E:\CODE\NHOM\PHP\DocShareProject\config\Database.php:35
Stack trace:
#0 E:\CODE\NHOM\PHP\DocShareProject\models\Post.php(14): Database::getConnection()
#1 E:\CODE\NHOM\PHP\DocShareProject\controllers\PostController.php(23): Post->__construct()
#2 E:\CODE\NHOM\PHP\DocShareProject\public\index.php(116): PostController->__construct()
#3 {main}
  thrown in E:\CODE\NHOM\PHP\DocShareProject\config\Database.php on line 35
[20-Oct-2025 08:38:02 Europe/Berlin] PHP Fatal error:  Uncaught Exception: DB connect error: SQLSTATE[HY000] [2002] php_network_getaddresses: getaddrinfo for sql104.infinityfree.com failed: No such host is known.  in E:\CODE\NHOM\PHP\DocShareProject\config\Database.php:35
Stack trace:
#0 E:\CODE\NHOM\PHP\DocShareProject\models\Post.php(14): Database::getConnection()
#1 E:\CODE\NHOM\PHP\DocShareProject\controllers\PostController.php(23): Post->__construct()
#2 E:\CODE\NHOM\PHP\DocShareProject\public\index.php(116): PostController->__construct()
#3 {main}
  thrown in E:\CODE\NHOM\PHP\DocShareProject\config\Database.php on line 35
[20-Oct-2025 08:38:02 Europe/Berlin] PHP Fatal error:  Uncaught Exception: DB connect error: SQLSTATE[HY000] [2002] php_network_getaddresses: getaddrinfo for sql104.infinityfree.com failed: No such host is known.  in E:\CODE\NHOM\PHP\DocShareProject\config\Database.php:35
Stack trace:
#0 E:\CODE\NHOM\PHP\DocShareProject\models\Post.php(14): Database::getConnection()
#1 E:\CODE\NHOM\PHP\DocShareProject\controllers\PostController.php(23): Post->__construct()
#2 E:\CODE\NHOM\PHP\DocShareProject\public\index.php(116): PostController->__construct()
#3 {main}
  thrown in E:\CODE\NHOM\PHP\DocShareProject\config\Database.php on line 35
[20-Oct-2025 08:38:02 Europe/Berlin] PHP Fatal error:  Uncaught Exception: DB connect error: SQLSTATE[HY000] [2002] php_network_getaddresses: getaddrinfo for sql104.infinityfree.com failed: No such host is known.  in E:\CODE\NHOM\PHP\DocShareProject\config\Database.php:35
Stack trace:
#0 E:\CODE\NHOM\PHP\DocShareProject\models\Post.php(14): Database::getConnection()
#1 E:\CODE\NHOM\PHP\DocShareProject\controllers\PostController.php(23): Post->__construct()
#2 E:\CODE\NHOM\PHP\DocShareProject\public\index.php(116): PostController->__construct()
#3 {main}
  thrown in E:\CODE\NHOM\PHP\DocShareProject\config\Database.php on line 35
[20-Oct-2025 08:38:02 Europe/Berlin] PHP Fatal error:  Uncaught Exception: DB connect error: SQLSTATE[HY000] [2002] php_network_getaddresses: getaddrinfo for sql104.infinityfree.com failed: No such host is known.  in E:\CODE\NHOM\PHP\DocShareProject\config\Database.php:35
Stack trace:
#0 E:\CODE\NHOM\PHP\DocShareProject\models\Post.php(14): Database::getConnection()
#1 E:\CODE\NHOM\PHP\DocShareProject\controllers\PostController.php(23): Post->__construct()
#2 E:\CODE\NHOM\PHP\DocShareProject\public\index.php(116): PostController->__construct()
#3 {main}
  thrown in E:\CODE\NHOM\PHP\DocShareProject\config\Database.php on line 35
[20-Oct-2025 08:38:02 Europe/Berlin] PHP Fatal error:  Uncaught Exception: DB connect error: SQLSTATE[HY000] [2002] php_network_getaddresses: getaddrinfo for sql104.infinityfree.com failed: No such host is known.  in E:\CODE\NHOM\PHP\DocShareProject\config\Database.php:35
Stack trace:
#0 E:\CODE\NHOM\PHP\DocShareProject\models\Post.php(14): Database::getConnection()
#1 E:\CODE\NHOM\PHP\DocShareProject\controllers\PostController.php(23): Post->__construct()
#2 E:\CODE\NHOM\PHP\DocShareProject\public\index.php(116): PostController->__construct()
#3 {main}
  thrown in E:\CODE\NHOM\PHP\DocShareProject\config\Database.php on line 35
[20-Oct-2025 08:38:02 Europe/Berlin] PHP Fatal error:  Uncaught Exception: DB connect error: SQLSTATE[HY000] [2002] php_network_getaddresses: getaddrinfo for sql104.infinityfree.com failed: No such host is known.  in E:\CODE\NHOM\PHP\DocShareProject\config\Database.php:35
Stack trace:
#0 E:\CODE\NHOM\PHP\DocShareProject\models\Post.php(14): Database::getConnection()
#1 E:\CODE\NHOM\PHP\DocShareProject\controllers\PostController.php(23): Post->__construct()
#2 E:\CODE\NHOM\PHP\DocShareProject\public\index.php(116): PostController->__construct()
#3 {main}
  thrown in E:\CODE\NHOM\PHP\DocShareProject\config\Database.php on line 35
[20-Oct-2025 08:38:02 Europe/Berlin] PHP Fatal error:  Uncaught Exception: DB connect error: SQLSTATE[HY000] [2002] php_network_getaddresses: getaddrinfo for sql104.infinityfree.com failed: No such host is known.  in E:\CODE\NHOM\PHP\DocShareProject\config\Database.php:35
Stack trace:
#0 E:\CODE\NHOM\PHP\DocShareProject\models\Post.php(14): Database::getConnection()
#1 E:\CODE\NHOM\PHP\DocShareProject\controllers\PostController.php(23): Post->__construct()
#2 E:\CODE\NHOM\PHP\DocShareProject\public\index.php(116): PostController->__construct()
#3 {main}
  thrown in E:\CODE\NHOM\PHP\DocShareProject\config\Database.php on line 35
[20-Oct-2025 08:38:02 Europe/Berlin] PHP Fatal error:  Uncaught Exception: DB connect error: SQLSTATE[HY000] [2002] php_network_getaddresses: getaddrinfo for sql104.infinityfree.com failed: No such host is known.  in E:\CODE\NHOM\PHP\DocShareProject\config\Database.php:35
Stack trace:
#0 E:\CODE\NHOM\PHP\DocShareProject\models\Post.php(14): Database::getConnection()
#1 E:\CODE\NHOM\PHP\DocShareProject\controllers\PostController.php(23): Post->__construct()
#2 E:\CODE\NHOM\PHP\DocShareProject\public\index.php(116): PostController->__construct()
#3 {main}
  thrown in E:\CODE\NHOM\PHP\DocShareProject\config\Database.php on line 35
[20-Oct-2025 08:38:02 Europe/Berlin] PHP Fatal error:  Uncaught Exception: DB connect error: SQLSTATE[HY000] [2002] php_network_getaddresses: getaddrinfo for sql104.infinityfree.com failed: No such host is known.  in E:\CODE\NHOM\PHP\DocShareProject\config\Database.php:35
Stack trace:
#0 E:\CODE\NHOM\PHP\DocShareProject\models\Post.php(14): Database::getConnection()
#1 E:\CODE\NHOM\PHP\DocShareProject\controllers\PostController.php(23): Post->__construct()
#2 E:\CODE\NHOM\PHP\DocShareProject\public\index.php(116): PostController->__construct()
#3 {main}
  thrown in E:\CODE\NHOM\PHP\DocShareProject\config\Database.php on line 35
[20-Oct-2025 08:38:02 Europe/Berlin] PHP Fatal error:  Uncaught Exception: DB connect error: SQLSTATE[HY000] [2002] php_network_getaddresses: getaddrinfo for sql104.infinityfree.com failed: No such host is known.  in E:\CODE\NHOM\PHP\DocShareProject\config\Database.php:35
Stack trace:
#0 E:\CODE\NHOM\PHP\DocShareProject\models\Post.php(14): Database::getConnection()
#1 E:\CODE\NHOM\PHP\DocShareProject\controllers\PostController.php(23): Post->__construct()
#2 E:\CODE\NHOM\PHP\DocShareProject\public\index.php(116): PostController->__construct()
#3 {main}
  thrown in E:\CODE\NHOM\PHP\DocShareProject\config\Database.php on line 35
[20-Oct-2025 08:38:02 Europe/Berlin] PHP Fatal error:  Uncaught Exception: DB connect error: SQLSTATE[HY000] [2002] php_network_getaddresses: getaddrinfo for sql104.infinityfree.com failed: No such host is known.  in E:\CODE\NHOM\PHP\DocShareProject\config\Database.php:35
Stack trace:
#0 E:\CODE\NHOM\PHP\DocShareProject\models\Post.php(14): Database::getConnection()
#1 E:\CODE\NHOM\PHP\DocShareProject\controllers\PostController.php(23): Post->__construct()
#2 E:\CODE\NHOM\PHP\DocShareProject\public\index.php(116): PostController->__construct()
#3 {main}
  thrown in E:\CODE\NHOM\PHP\DocShareProject\config\Database.php on line 35
[20-Oct-2025 08:38:02 Europe/Berlin] PHP Fatal error:  Uncaught Exception: DB connect error: SQLSTATE[HY000] [2002] php_network_getaddresses: getaddrinfo for sql104.infinityfree.com failed: No such host is known.  in E:\CODE\NHOM\PHP\DocShareProject\config\Database.php:35
Stack trace:
#0 E:\CODE\NHOM\PHP\DocShareProject\models\Post.php(14): Database::getConnection()
#1 E:\CODE\NHOM\PHP\DocShareProject\controllers\PostController.php(23): Post->__construct()
#2 E:\CODE\NHOM\PHP\DocShareProject\public\index.php(116): PostController->__construct()
#3 {main}
  thrown in E:\CODE\NHOM\PHP\DocShareProject\config\Database.php on line 35
[20-Oct-2025 08:39:02 Europe/Berlin] PHP Fatal error:  Uncaught Exception: DB connect error: SQLSTATE[HY000] [2002] php_network_getaddresses: getaddrinfo for sql104.infinityfree.com failed: No such host is known.  in E:\CODE\NHOM\PHP\DocShareProject\config\Database.php:35
Stack trace:
#0 E:\CODE\NHOM\PHP\DocShareProject\models\Post.php(14): Database::getConnection()
#1 E:\CODE\NHOM\PHP\DocShareProject\controllers\PostController.php(23): Post->__construct()
#2 E:\CODE\NHOM\PHP\DocShareProject\public\index.php(116): PostController->__construct()
#3 {main}
  thrown in E:\CODE\NHOM\PHP\DocShareProject\config\Database.php on line 35
[20-Oct-2025 08:45:26 Europe/Berlin] PHP Fatal error:  Uncaught Exception: DB connect error: SQLSTATE[HY000] [2002] php_network_getaddresses: getaddrinfo for sql104.infinityfree.com failed: No such host is known.  in E:\CODE\NHOM\PHP\DocShareProject\config\Database.php:35
Stack trace:
#0 E:\CODE\NHOM\PHP\DocShareProject\models\Post.php(14): Database::getConnection()
#1 E:\CODE\NHOM\PHP\DocShareProject\controllers\PostController.php(23): Post->__construct()
#2 E:\CODE\NHOM\PHP\DocShareProject\public\index.php(116): PostController->__construct()
#3 {main}
  thrown in E:\CODE\NHOM\PHP\DocShareProject\config\Database.php on line 35
[20-Oct-2025 08:46:14 Europe/Berlin] PHP Warning:  include(E:\CODE\NHOM\PHP\DocShareProject\public/../views/layouts/header.php): Failed to open stream: No such file or directory in E:\CODE\NHOM\PHP\DocShareProject\public\index.php on line 707
[20-Oct-2025 08:46:14 Europe/Berlin] PHP Warning:  include(): Failed opening 'E:\CODE\NHOM\PHP\DocShareProject\public/../views/layouts/header.php' for inclusion (include_path='C:\xampp\php\PEAR') in E:\CODE\NHOM\PHP\DocShareProject\public\index.php on line 707
[20-Oct-2025 08:46:14 Europe/Berlin] PHP Warning:  include(E:\CODE\NHOM\PHP\DocShareProject\public/../views/home.php): Failed to open stream: No such file or directory in E:\CODE\NHOM\PHP\DocShareProject\public\index.php on line 708
[20-Oct-2025 08:46:14 Europe/Berlin] PHP Warning:  include(): Failed opening 'E:\CODE\NHOM\PHP\DocShareProject\public/../views/home.php' for inclusion (include_path='C:\xampp\php\PEAR') in E:\CODE\NHOM\PHP\DocShareProject\public\index.php on line 708
[20-Oct-2025 08:46:14 Europe/Berlin] PHP Warning:  include(E:\CODE\NHOM\PHP\DocShareProject\public/../views/layouts/footer.php): Failed to open stream: No such file or directory in E:\CODE\NHOM\PHP\DocShareProject\public\index.php on line 709
[20-Oct-2025 08:46:14 Europe/Berlin] PHP Warning:  include(): Failed opening 'E:\CODE\NHOM\PHP\DocShareProject\public/../views/layouts/footer.php' for inclusion (include_path='C:\xampp\php\PEAR') in E:\CODE\NHOM\PHP\DocShareProject\public\index.php on line 709
[20-Oct-2025 08:46:57 Europe/Berlin] PHP Warning:  include(E:\CODE\NHOM\PHP\DocShareProject\public/../views/layouts/header.php): Failed to open stream: No such file or directory in E:\CODE\NHOM\PHP\DocShareProject\public\index.php on line 707
[20-Oct-2025 08:46:57 Europe/Berlin] PHP Warning:  include(): Failed opening 'E:\CODE\NHOM\PHP\DocShareProject\public/../views/layouts/header.php' for inclusion (include_path='C:\xampp\php\PEAR') in E:\CODE\NHOM\PHP\DocShareProject\public\index.php on line 707
[20-Oct-2025 08:46:57 Europe/Berlin] PHP Warning:  include(E:\CODE\NHOM\PHP\DocShareProject\public/../views/home.php): Failed to open stream: No such file or directory in E:\CODE\NHOM\PHP\DocShareProject\public\index.php on line 708
[20-Oct-2025 08:46:57 Europe/Berlin] PHP Warning:  include(): Failed opening 'E:\CODE\NHOM\PHP\DocShareProject\public/../views/home.php' for inclusion (include_path='C:\xampp\php\PEAR') in E:\CODE\NHOM\PHP\DocShareProject\public\index.php on line 708
[20-Oct-2025 08:46:57 Europe/Berlin] PHP Warning:  include(E:\CODE\NHOM\PHP\DocShareProject\public/../views/layouts/footer.php): Failed to open stream: No such file or directory in E:\CODE\NHOM\PHP\DocShareProject\public\index.php on line 709
[20-Oct-2025 08:46:57 Europe/Berlin] PHP Warning:  include(): Failed opening 'E:\CODE\NHOM\PHP\DocShareProject\public/../views/layouts/footer.php' for inclusion (include_path='C:\xampp\php\PEAR') in E:\CODE\NHOM\PHP\DocShareProject\public\index.php on line 709
